<?xml version="1.0" encoding="UTF-8"?>
<!-- Generated by org.testng.reporters.JUnitXMLReporter -->
<testsuite ignored="4" hostname="Erohsik" failures="0" tests="2" name="EdgeTest" time="4.574" errors="0" timestamp="2025-05-05T17:24:33 IST">
  <testcase classname="Generic_utility.Baseclass" name="@BeforeMethod beforemethodsuite" time="0.001">
    <failure type="java.lang.NullPointerException" message="Cannot invoke &amp;quot;org.openqa.selenium.WebDriver.get(String)&amp;quot; because &amp;quot;driver&amp;quot; is null">
      <![CDATA[java.lang.NullPointerException: Cannot invoke "org.openqa.selenium.WebDriver.get(String)" because "driver" is null
at Generic_utility.Selenium_utility.url(Selenium_utility.java:38)
at Generic_utility.Selenium_utility.loginapp(Selenium_utility.java:193)
at Generic_utility.Baseclass.beforemethodsuite(Baseclass.java:66)
at java.base/java.util.ArrayList.forEach(ArrayList.java:1596)
at java.base/java.util.concurrent.FutureTask.run(FutureTask.java:317)
at java.base/java.util.concurrent.ThreadPoolExecutor.runWorker(ThreadPoolExecutor.java:1144)
at java.base/java.util.concurrent.ThreadPoolExecutor$Worker.run(ThreadPoolExecutor.java:642)
at java.base/java.lang.Thread.run(Thread.java:1583)
... Removed 19 stack frames]]>
    </failure>
  </testcase> <!-- @BeforeMethod beforemethodsuite -->
  <testcase classname="Generic_utility.Baseclass" name="@AfterMethod aftermethodsuite" time="0.0">
    <failure type="java.lang.NullPointerException" message="Cannot read field &amp;quot;ip&amp;quot; because &amp;quot;this.obj&amp;quot; is null">
      <![CDATA[java.lang.NullPointerException: Cannot read field "ip" because "this.obj" is null
at Generic_utility.Baseclass.aftermethodsuite(Baseclass.java:73)
at java.base/java.util.ArrayList.forEach(ArrayList.java:1596)
at java.base/java.util.concurrent.FutureTask.run(FutureTask.java:317)
at java.base/java.util.concurrent.ThreadPoolExecutor.runWorker(ThreadPoolExecutor.java:1144)
at java.base/java.util.concurrent.ThreadPoolExecutor$Worker.run(ThreadPoolExecutor.java:642)
at java.base/java.lang.Thread.run(Thread.java:1583)
... Removed 20 stack frames]]>
    </failure>
  </testcase> <!-- @AfterMethod aftermethodsuite -->
  <testcase classname="inventorytest.Addproducttest" name="TC_01_Addproducttocarttest" time="0.281"/>
  <testcase classname="inventorytest.Purchase_a_product_test" name="TC_02_Purchaseaproduct" time="0.0">
    <skipped/>
  </testcase> <!-- TC_02_Purchaseaproduct -->
  <testcase classname="Generic_utility.Baseclass" name="@BeforeTest beforeclssuite" time="0.0">
    <ignored/>
  </testcase> <!-- @BeforeTest beforeclssuite -->
  <testcase classname="Generic_utility.Baseclass" name="@BeforeSuite brforedbsuite" time="0.0">
    <ignored/>
  </testcase> <!-- @BeforeSuite brforedbsuite -->
  <testcase classname="Generic_utility.Baseclass" name="@AfterTest afterclasssuite" time="0.0">
    <ignored/>
  </testcase> <!-- @AfterTest afterclasssuite -->
  <testcase classname="Generic_utility.Baseclass" name="@AfterSuite afterdbsuite" time="0.0">
    <ignored/>
  </testcase> <!-- @AfterSuite afterdbsuite -->
</testsuite> <!-- EdgeTest -->
